TN:
SF:src\api\api.ts
FNF:0
FNH:0
DA:1,5
DA:4,5
DA:11,5
LF:3
LH:3
BRF:0
BRH:0
end_of_record
TN:
SF:src\api\boards.ts
FN:5,(anonymous_1)
FN:8,(anonymous_2)
FNF:2
FNH:2
FNDA:2,(anonymous_1)
FNDA:1,(anonymous_2)
DA:1,2
DA:2,2
DA:5,2
DA:6,2
DA:9,1
DA:10,1
LF:6
LH:6
BRF:0
BRH:0
end_of_record
TN:
SF:src\api\teams.ts
FN:14,(anonymous_1)
FN:17,(anonymous_2)
FN:46,(anonymous_3)
FN:49,(anonymous_4)
FNF:4
FNH:4
FNDA:2,(anonymous_1)
FNDA:1,(anonymous_2)
FNDA:2,(anonymous_3)
FNDA:1,(anonymous_4)
DA:3,1
DA:4,1
DA:14,1
DA:15,2
DA:18,1
DA:19,1
DA:46,1
DA:47,2
DA:50,1
DA:51,1
LF:10
LH:10
BRF:0
BRH:0
end_of_record
TN:
SF:src\api\users.ts
FN:6,(anonymous_1)
FN:9,(anonymous_2)
FNF:2
FNH:2
FNDA:2,(anonymous_1)
FNDA:1,(anonymous_2)
DA:2,1
DA:3,1
DA:6,1
DA:7,2
DA:10,1
DA:11,1
LF:6
LH:6
BRF:0
BRH:0
end_of_record
TN:
SF:src\api\tasks\index.ts
FNF:0
FNH:0
DA:1,1
DA:2,1
DA:3,1
LF:3
LH:3
BRF:0
BRH:0
end_of_record
TN:
SF:src\api\tasks\mutations.ts
FN:5,(anonymous_1)
FN:9,(anonymous_2)
FN:13,(anonymous_3)
FN:20,(anonymous_4)
FN:22,(anonymous_5)
FN:36,(anonymous_6)
FN:38,(anonymous_7)
FNF:7
FNH:7
FNDA:2,(anonymous_1)
FNDA:1,(anonymous_2)
FNDA:1,(anonymous_3)
FNDA:2,(anonymous_4)
FNDA:1,(anonymous_5)
FNDA:6,(anonymous_6)
FNDA:3,(anonymous_7)
DA:1,1
DA:2,1
DA:5,1
DA:6,2
DA:8,2
DA:10,1
DA:11,1
DA:14,1
DA:15,1
DA:20,1
DA:21,2
DA:23,1
DA:31,1
DA:36,1
DA:37,6
DA:40,3
DA:44,3
DA:48,3
LF:18
LH:18
BRDA:40,0,0,1
BRDA:40,0,1,2
BRDA:41,1,0,1
BRDA:41,1,1,1
BRF:4
BRH:4
end_of_record
TN:
SF:src\api\tasks\queries.ts
FN:7,(anonymous_1)
FN:10,(anonymous_2)
FN:17,(anonymous_3)
FN:20,(anonymous_4)
FN:28,(anonymous_5)
FN:33,(anonymous_6)
FN:35,(anonymous_7)
FN:36,(anonymous_8)
FN:45,(anonymous_9)
FN:48,(anonymous_10)
FNF:10
FNH:10
FNDA:2,(anonymous_1)
FNDA:1,(anonymous_2)
FNDA:2,(anonymous_3)
FNDA:1,(anonymous_4)
FNDA:6,(anonymous_5)
FNDA:3,(anonymous_6)
FNDA:1,(anonymous_7)
FNDA:3,(anonymous_8)
FNDA:2,(anonymous_9)
FNDA:1,(anonymous_10)
DA:1,2
DA:2,2
DA:4,2
DA:7,2
DA:8,2
DA:11,1
DA:12,1
DA:17,2
DA:18,2
DA:21,1
DA:22,1
DA:28,2
DA:29,6
DA:31,6
DA:34,3
DA:35,3
DA:36,3
DA:45,2
DA:46,2
DA:49,1
DA:50,1
LF:21
LH:21
BRDA:29,0,0,1
BRDA:35,1,0,3
BRDA:35,1,1,2
BRDA:38,2,0,3
BRDA:38,2,1,3
BRF:5
BRH:5
end_of_record
TN:
SF:src\utils\testUtils.tsx
FN:4,(anonymous_0)
FN:6,Wrapper
FNF:2
FNH:2
FNDA:16,(anonymous_0)
FNDA:16,Wrapper
DA:2,5
DA:4,5
DA:5,16
DA:6,16
DA:7,16
LF:5
LH:5
BRDA:5,0,0,16
BRDA:5,0,1,15
BRF:2
BRH:2
end_of_record
