{"D:\\проекты\\Avito\\pms-app\\client\\api\\api.ts": {"path":"D:\\проекты\\Avito\\pms-app\\client\\api\\api.ts","statementMap":{"0":{"start":{"line":1,"column":0},"end":{"line":1,"column":25}},"1":{"start":{"line":4,"column":12},"end":{"line":9,"column":2}},"2":{"start":{"line":11,"column":0},"end":{"line":11,"column":null}}},"fnMap":{},"branchMap":{},"s":{"0":5,"1":5,"2":5},"f":{},"b":{}}
,"D:\\проекты\\Avito\\pms-app\\client\\api\\boards.ts": {"path":"D:\\проекты\\Avito\\pms-app\\client\\api\\boards.ts","statementMap":{"0":{"start":{"line":1,"column":0},"end":{"line":1,"column":48}},"1":{"start":{"line":2,"column":0},"end":{"line":2,"column":23}},"2":{"start":{"line":5,"column":25},"end":{"line":13,"column":1}},"3":{"start":{"line":6,"column":4},"end":{"line":12,"column":null}},"4":{"start":{"line":9,"column":24},"end":{"line":9,"column":48}},"5":{"start":{"line":10,"column":12},"end":{"line":10,"column":null}},"6":{"start":{"line":5,"column":13},"end":{"line":5,"column":25}}},"fnMap":{"0":{"name":"(anonymous_1)","decl":{"start":{"line":5,"column":25},"end":{"line":5,"column":28}},"loc":{"start":{"line":5,"column":30},"end":{"line":13,"column":1}}},"1":{"name":"(anonymous_2)","decl":{"start":{"line":8,"column":17},"end":{"line":8,"column":22}},"loc":{"start":{"line":8,"column":28},"end":{"line":11,"column":9}}}},"branchMap":{},"s":{"0":2,"1":2,"2":2,"3":2,"4":1,"5":1,"6":2},"f":{"0":2,"1":1},"b":{}}
,"D:\\проекты\\Avito\\pms-app\\client\\api\\teams.ts": {"path":"D:\\проекты\\Avito\\pms-app\\client\\api\\teams.ts","statementMap":{"0":{"start":{"line":3,"column":0},"end":{"line":3,"column":48}},"1":{"start":{"line":4,"column":0},"end":{"line":4,"column":23}},"2":{"start":{"line":14,"column":24},"end":{"line":22,"column":1}},"3":{"start":{"line":15,"column":4},"end":{"line":21,"column":null}},"4":{"start":{"line":18,"column":24},"end":{"line":18,"column":47}},"5":{"start":{"line":19,"column":12},"end":{"line":19,"column":null}},"6":{"start":{"line":14,"column":13},"end":{"line":14,"column":24}},"7":{"start":{"line":46,"column":23},"end":{"line":55,"column":1}},"8":{"start":{"line":47,"column":4},"end":{"line":54,"column":null}},"9":{"start":{"line":50,"column":24},"end":{"line":50,"column":57}},"10":{"start":{"line":51,"column":12},"end":{"line":51,"column":null}},"11":{"start":{"line":46,"column":13},"end":{"line":46,"column":23}}},"fnMap":{"0":{"name":"(anonymous_1)","decl":{"start":{"line":14,"column":24},"end":{"line":14,"column":27}},"loc":{"start":{"line":14,"column":29},"end":{"line":22,"column":1}}},"1":{"name":"(anonymous_2)","decl":{"start":{"line":17,"column":17},"end":{"line":17,"column":22}},"loc":{"start":{"line":17,"column":28},"end":{"line":20,"column":9}}},"2":{"name":"(anonymous_3)","decl":{"start":{"line":46,"column":23},"end":{"line":46,"column":24}},"loc":{"start":{"line":46,"column":42},"end":{"line":55,"column":1}}},"3":{"name":"(anonymous_4)","decl":{"start":{"line":49,"column":17},"end":{"line":49,"column":22}},"loc":{"start":{"line":49,"column":28},"end":{"line":52,"column":9}}}},"branchMap":{},"s":{"0":1,"1":1,"2":1,"3":2,"4":1,"5":1,"6":1,"7":1,"8":2,"9":1,"10":1,"11":1},"f":{"0":2,"1":1,"2":2,"3":1},"b":{}}
,"D:\\проекты\\Avito\\pms-app\\client\\api\\users.ts": {"path":"D:\\проекты\\Avito\\pms-app\\client\\api\\users.ts","statementMap":{"0":{"start":{"line":2,"column":0},"end":{"line":2,"column":48}},"1":{"start":{"line":3,"column":0},"end":{"line":3,"column":23}},"2":{"start":{"line":6,"column":24},"end":{"line":14,"column":1}},"3":{"start":{"line":7,"column":4},"end":{"line":13,"column":null}},"4":{"start":{"line":10,"column":24},"end":{"line":10,"column":47}},"5":{"start":{"line":11,"column":12},"end":{"line":11,"column":null}},"6":{"start":{"line":6,"column":13},"end":{"line":6,"column":24}}},"fnMap":{"0":{"name":"(anonymous_1)","decl":{"start":{"line":6,"column":24},"end":{"line":6,"column":27}},"loc":{"start":{"line":6,"column":29},"end":{"line":14,"column":1}}},"1":{"name":"(anonymous_2)","decl":{"start":{"line":9,"column":17},"end":{"line":9,"column":22}},"loc":{"start":{"line":9,"column":28},"end":{"line":12,"column":9}}}},"branchMap":{},"s":{"0":1,"1":1,"2":1,"3":2,"4":1,"5":1,"6":1},"f":{"0":2,"1":1},"b":{}}
,"D:\\проекты\\Avito\\pms-app\\client\\api\\tasks\\index.ts": {"path":"D:\\проекты\\Avito\\pms-app\\client\\api\\tasks\\index.ts","statementMap":{"0":{"start":{"line":1,"column":0},"end":{"line":1,"column":25}},"1":{"start":{"line":2,"column":0},"end":{"line":2,"column":27}},"2":{"start":{"line":3,"column":0},"end":{"line":3,"column":23}}},"fnMap":{},"branchMap":{},"s":{"0":1,"1":1,"2":1},"f":{},"b":{}}
,"D:\\проекты\\Avito\\pms-app\\client\\api\\tasks\\mutations.ts": {"path":"D:\\проекты\\Avito\\pms-app\\client\\api\\tasks\\mutations.ts","statementMap":{"0":{"start":{"line":1,"column":0},"end":{"line":1,"column":67}},"1":{"start":{"line":2,"column":0},"end":{"line":2,"column":24}},"2":{"start":{"line":5,"column":29},"end":{"line":18,"column":1}},"3":{"start":{"line":6,"column":24},"end":{"line":6,"column":40}},"4":{"start":{"line":8,"column":4},"end":{"line":17,"column":null}},"5":{"start":{"line":10,"column":24},"end":{"line":10,"column":61}},"6":{"start":{"line":11,"column":12},"end":{"line":11,"column":null}},"7":{"start":{"line":14,"column":12},"end":{"line":14,"column":null}},"8":{"start":{"line":15,"column":12},"end":{"line":15,"column":null}},"9":{"start":{"line":5,"column":13},"end":{"line":5,"column":29}},"10":{"start":{"line":20,"column":29},"end":{"line":34,"column":1}},"11":{"start":{"line":21,"column":4},"end":{"line":33,"column":null}},"12":{"start":{"line":23,"column":24},"end":{"line":30,"column":14}},"13":{"start":{"line":31,"column":12},"end":{"line":31,"column":null}},"14":{"start":{"line":20,"column":13},"end":{"line":20,"column":29}},"15":{"start":{"line":36,"column":35},"end":{"line":51,"column":1}},"16":{"start":{"line":37,"column":4},"end":{"line":50,"column":null}},"17":{"start":{"line":40,"column":16},"end":{"line":42,"column":30}},"18":{"start":{"line":44,"column":24},"end":{"line":47,"column":14}},"19":{"start":{"line":48,"column":12},"end":{"line":48,"column":null}},"20":{"start":{"line":36,"column":13},"end":{"line":36,"column":35}}},"fnMap":{"0":{"name":"(anonymous_1)","decl":{"start":{"line":5,"column":29},"end":{"line":5,"column":32}},"loc":{"start":{"line":5,"column":34},"end":{"line":18,"column":1}}},"1":{"name":"(anonymous_2)","decl":{"start":{"line":9,"column":20},"end":{"line":9,"column":25}},"loc":{"start":{"line":9,"column":54},"end":{"line":12,"column":9}}},"2":{"name":"(anonymous_3)","decl":{"start":{"line":13,"column":19},"end":{"line":13,"column":20}},"loc":{"start":{"line":13,"column":40},"end":{"line":16,"column":9}}},"3":{"name":"(anonymous_4)","decl":{"start":{"line":20,"column":29},"end":{"line":20,"column":32}},"loc":{"start":{"line":20,"column":34},"end":{"line":34,"column":1}}},"4":{"name":"(anonymous_5)","decl":{"start":{"line":22,"column":20},"end":{"line":22,"column":25}},"loc":{"start":{"line":22,"column":89},"end":{"line":32,"column":9}}},"5":{"name":"(anonymous_6)","decl":{"start":{"line":36,"column":35},"end":{"line":36,"column":38}},"loc":{"start":{"line":36,"column":40},"end":{"line":51,"column":1}}},"6":{"name":"(anonymous_7)","decl":{"start":{"line":38,"column":20},"end":{"line":38,"column":25}},"loc":{"start":{"line":38,"column":74},"end":{"line":49,"column":9}}}},"branchMap":{"0":{"loc":{"start":{"line":40,"column":16},"end":{"line":42,"column":30}},"type":"cond-expr","locations":[{"start":{"line":40,"column":36},"end":{"line":40,"column":45}},{"start":{"line":41,"column":20},"end":{"line":42,"column":30}}]},"1":{"loc":{"start":{"line":41,"column":20},"end":{"line":42,"column":30}},"type":"cond-expr","locations":[{"start":{"line":41,"column":47},"end":{"line":41,"column":59}},{"start":{"line":42,"column":24},"end":{"line":42,"column":30}}]}},"s":{"0":1,"1":1,"2":1,"3":2,"4":2,"5":1,"6":1,"7":1,"8":1,"9":1,"10":1,"11":2,"12":1,"13":1,"14":1,"15":1,"16":6,"17":3,"18":3,"19":3,"20":1},"f":{"0":2,"1":1,"2":1,"3":2,"4":1,"5":6,"6":3},"b":{"0":[1,2],"1":[1,1]}}
,"D:\\проекты\\Avito\\pms-app\\client\\api\\tasks\\queries.ts": {"path":"D:\\проекты\\Avito\\pms-app\\client\\api\\tasks\\queries.ts","statementMap":{"0":{"start":{"line":1,"column":0},"end":{"line":1,"column":48}},"1":{"start":{"line":2,"column":0},"end":{"line":2,"column":24}},"2":{"start":{"line":4,"column":0},"end":{"line":4,"column":37}},"3":{"start":{"line":7,"column":24},"end":{"line":15,"column":1}},"4":{"start":{"line":8,"column":4},"end":{"line":14,"column":null}},"5":{"start":{"line":11,"column":24},"end":{"line":11,"column":47}},"6":{"start":{"line":12,"column":12},"end":{"line":12,"column":null}},"7":{"start":{"line":7,"column":13},"end":{"line":7,"column":24}},"8":{"start":{"line":17,"column":27},"end":{"line":26,"column":1}},"9":{"start":{"line":18,"column":4},"end":{"line":25,"column":null}},"10":{"start":{"line":21,"column":24},"end":{"line":21,"column":57}},"11":{"start":{"line":22,"column":12},"end":{"line":22,"column":null}},"12":{"start":{"line":17,"column":13},"end":{"line":17,"column":27}},"13":{"start":{"line":28,"column":31},"end":{"line":43,"column":1}},"14":{"start":{"line":29,"column":34},"end":{"line":29,"column":45}},"15":{"start":{"line":31,"column":4},"end":{"line":42,"column":null}},"16":{"start":{"line":34,"column":24},"end":{"line":34,"column":59}},"17":{"start":{"line":35,"column":30},"end":{"line":35,"column":85}},"18":{"start":{"line":35,"column":47},"end":{"line":35,"column":71}},"19":{"start":{"line":36,"column":12},"end":{"line":39,"column":null}},"20":{"start":{"line":36,"column":53},"end":{"line":39,"column":14}},"21":{"start":{"line":28,"column":13},"end":{"line":28,"column":31}},"22":{"start":{"line":45,"column":28},"end":{"line":54,"column":1}},"23":{"start":{"line":46,"column":4},"end":{"line":53,"column":null}},"24":{"start":{"line":49,"column":24},"end":{"line":49,"column":63}},"25":{"start":{"line":50,"column":12},"end":{"line":50,"column":null}},"26":{"start":{"line":45,"column":13},"end":{"line":45,"column":28}}},"fnMap":{"0":{"name":"(anonymous_1)","decl":{"start":{"line":7,"column":24},"end":{"line":7,"column":27}},"loc":{"start":{"line":7,"column":29},"end":{"line":15,"column":1}}},"1":{"name":"(anonymous_2)","decl":{"start":{"line":10,"column":17},"end":{"line":10,"column":22}},"loc":{"start":{"line":10,"column":28},"end":{"line":13,"column":9}}},"2":{"name":"(anonymous_3)","decl":{"start":{"line":17,"column":27},"end":{"line":17,"column":28}},"loc":{"start":{"line":17,"column":46},"end":{"line":26,"column":1}}},"3":{"name":"(anonymous_4)","decl":{"start":{"line":20,"column":17},"end":{"line":20,"column":22}},"loc":{"start":{"line":20,"column":28},"end":{"line":23,"column":9}}},"4":{"name":"(anonymous_5)","decl":{"start":{"line":28,"column":31},"end":{"line":28,"column":32}},"loc":{"start":{"line":28,"column":51},"end":{"line":43,"column":1}}},"5":{"name":"(anonymous_6)","decl":{"start":{"line":33,"column":17},"end":{"line":33,"column":22}},"loc":{"start":{"line":33,"column":28},"end":{"line":40,"column":9}}},"6":{"name":"(anonymous_7)","decl":{"start":{"line":35,"column":42},"end":{"line":35,"column":43}},"loc":{"start":{"line":35,"column":47},"end":{"line":35,"column":71}}},"7":{"name":"(anonymous_8)","decl":{"start":{"line":36,"column":37},"end":{"line":36,"column":38}},"loc":{"start":{"line":36,"column":53},"end":{"line":39,"column":14}}},"8":{"name":"(anonymous_9)","decl":{"start":{"line":45,"column":28},"end":{"line":45,"column":29}},"loc":{"start":{"line":45,"column":47},"end":{"line":54,"column":1}}},"9":{"name":"(anonymous_10)","decl":{"start":{"line":48,"column":17},"end":{"line":48,"column":22}},"loc":{"start":{"line":48,"column":28},"end":{"line":51,"column":9}}}},"branchMap":{"0":{"loc":{"start":{"line":29,"column":18},"end":{"line":29,"column":29}},"type":"default-arg","locations":[{"start":{"line":29,"column":27},"end":{"line":29,"column":29}}]},"1":{"loc":{"start":{"line":35,"column":30},"end":{"line":35,"column":85}},"type":"binary-expr","locations":[{"start":{"line":35,"column":30},"end":{"line":35,"column":78}},{"start":{"line":35,"column":82},"end":{"line":35,"column":85}}]},"2":{"loc":{"start":{"line":38,"column":27},"end":{"line":38,"column":54}},"type":"binary-expr","locations":[{"start":{"line":38,"column":27},"end":{"line":38,"column":41}},{"start":{"line":38,"column":45},"end":{"line":38,"column":54}}]}},"s":{"0":2,"1":2,"2":2,"3":2,"4":2,"5":1,"6":1,"7":2,"8":2,"9":2,"10":1,"11":1,"12":2,"13":2,"14":6,"15":6,"16":3,"17":3,"18":1,"19":3,"20":3,"21":2,"22":2,"23":2,"24":1,"25":1,"26":2},"f":{"0":2,"1":1,"2":2,"3":1,"4":6,"5":3,"6":1,"7":3,"8":2,"9":1},"b":{"0":[1],"1":[3,2],"2":[3,3]}}
,"D:\\проекты\\Avito\\pms-app\\client\\utils\\testUtils.tsx": {"path":"D:\\проекты\\Avito\\pms-app\\client\\utils\\testUtils.tsx","statementMap":{"0":{"start":{"line":2,"column":0},"end":{"line":2,"column":72}},"1":{"start":{"line":4,"column":29},"end":{"line":9,"column":1}},"2":{"start":{"line":5,"column":22},"end":{"line":5,"column":55}},"3":{"start":{"line":6,"column":2},"end":{"line":8,"column":null}},"4":{"start":{"line":7,"column":4},"end":{"line":7,"column":null}},"5":{"start":{"line":4,"column":13},"end":{"line":4,"column":29}}},"fnMap":{"0":{"name":"(anonymous_0)","decl":{"start":{"line":4,"column":29},"end":{"line":4,"column":30}},"loc":{"start":{"line":4,"column":60},"end":{"line":9,"column":1}}},"1":{"name":"Wrapper","decl":{"start":{"line":6,"column":18},"end":{"line":6,"column":25}},"loc":{"start":{"line":6,"column":63},"end":{"line":8,"column":3}}}},"branchMap":{"0":{"loc":{"start":{"line":5,"column":22},"end":{"line":5,"column":55}},"type":"binary-expr","locations":[{"start":{"line":5,"column":22},"end":{"line":5,"column":34}},{"start":{"line":5,"column":38},"end":{"line":5,"column":55}}]}},"s":{"0":5,"1":5,"2":16,"3":16,"4":16,"5":5},"f":{"0":16,"1":16},"b":{"0":[16,15]}}
}
